mode: set
github.com/n4djib/go-rbac/engine/fastergoga/engineGoja.go:28.55,29.25 1 1
github.com/n4djib/go-rbac/engine/fastergoga/engineGoja.go:29.25,31.3 1 1
github.com/n4djib/go-rbac/engine/fastergoga/engineGoja.go:32.2,37.16 4 1
github.com/n4djib/go-rbac/engine/fastergoga/engineGoja.go:37.16,39.3 1 0
github.com/n4djib/go-rbac/engine/fastergoga/engineGoja.go:45.2,50.24 2 1
github.com/n4djib/go-rbac/engine/fastergoga/engineGoja.go:53.60,56.16 3 1
github.com/n4djib/go-rbac/engine/fastergoga/engineGoja.go:56.16,58.3 1 1
github.com/n4djib/go-rbac/engine/fastergoga/engineGoja.go:59.2,59.12 1 1
github.com/n4djib/go-rbac/engine/fastergoga/engineGoja.go:62.62,69.16 5 1
github.com/n4djib/go-rbac/engine/fastergoga/engineGoja.go:69.16,71.3 1 1
github.com/n4djib/go-rbac/engine/fastergoga/engineGoja.go:72.2,72.12 1 1
github.com/n4djib/go-rbac/engine/fastergoga/engineGoja.go:75.113,76.16 1 1
github.com/n4djib/go-rbac/engine/fastergoga/engineGoja.go:76.16,78.3 1 1
github.com/n4djib/go-rbac/engine/fastergoga/engineGoja.go:81.2,84.9 3 1
github.com/n4djib/go-rbac/engine/fastergoga/engineGoja.go:84.9,86.3 1 1
github.com/n4djib/go-rbac/engine/fastergoga/engineGoja.go:89.2,90.9 2 1
github.com/n4djib/go-rbac/engine/fastergoga/engineGoja.go:90.9,92.3 1 0
github.com/n4djib/go-rbac/engine/fastergoga/engineGoja.go:95.2,98.16 4 1
github.com/n4djib/go-rbac/engine/fastergoga/engineGoja.go:98.16,100.3 1 0
github.com/n4djib/go-rbac/engine/fastergoga/engineGoja.go:102.2,103.20 2 1
github.com/n4djib/go-rbac/engine/fastergoga/engineGoja.go:106.90,110.33 3 1
github.com/n4djib/go-rbac/engine/fastergoga/engineGoja.go:110.33,112.24 2 1
github.com/n4djib/go-rbac/engine/fastergoga/engineGoja.go:112.24,115.4 2 1
github.com/n4djib/go-rbac/engine/fastergoga/engineGoja.go:118.2,119.35 2 1
github.com/n4djib/go-rbac/engine/fastergoga/engineGoja.go:119.35,122.3 1 1
github.com/n4djib/go-rbac/engine/fastergoga/engineGoja.go:124.2,124.25 1 1
github.com/n4djib/go-rbac/engine/fasterotto/engineFasterOtto.go:26.61,27.25 1 1
github.com/n4djib/go-rbac/engine/fasterotto/engineFasterOtto.go:27.25,29.3 1 1
github.com/n4djib/go-rbac/engine/fasterotto/engineFasterOtto.go:30.2,35.16 4 1
github.com/n4djib/go-rbac/engine/fasterotto/engineFasterOtto.go:35.16,37.3 1 0
github.com/n4djib/go-rbac/engine/fasterotto/engineFasterOtto.go:39.2,44.24 2 1
github.com/n4djib/go-rbac/engine/fasterotto/engineFasterOtto.go:47.66,50.16 3 1
github.com/n4djib/go-rbac/engine/fasterotto/engineFasterOtto.go:50.16,52.3 1 1
github.com/n4djib/go-rbac/engine/fasterotto/engineFasterOtto.go:53.2,53.12 1 1
github.com/n4djib/go-rbac/engine/fasterotto/engineFasterOtto.go:56.68,63.16 5 1
github.com/n4djib/go-rbac/engine/fasterotto/engineFasterOtto.go:63.16,65.3 1 1
github.com/n4djib/go-rbac/engine/fasterotto/engineFasterOtto.go:66.2,66.12 1 1
github.com/n4djib/go-rbac/engine/fasterotto/engineFasterOtto.go:69.119,70.16 1 1
github.com/n4djib/go-rbac/engine/fasterotto/engineFasterOtto.go:70.16,72.3 1 1
github.com/n4djib/go-rbac/engine/fasterotto/engineFasterOtto.go:75.2,77.9 3 1
github.com/n4djib/go-rbac/engine/fasterotto/engineFasterOtto.go:77.9,79.3 1 1
github.com/n4djib/go-rbac/engine/fasterotto/engineFasterOtto.go:82.2,83.16 2 1
github.com/n4djib/go-rbac/engine/fasterotto/engineFasterOtto.go:83.16,85.3 1 0
github.com/n4djib/go-rbac/engine/fasterotto/engineFasterOtto.go:88.2,89.16 2 1
github.com/n4djib/go-rbac/engine/fasterotto/engineFasterOtto.go:89.16,91.3 1 0
github.com/n4djib/go-rbac/engine/fasterotto/engineFasterOtto.go:93.2,93.20 1 1
github.com/n4djib/go-rbac/engine/fasterotto/engineFasterOtto.go:96.90,100.33 3 1
github.com/n4djib/go-rbac/engine/fasterotto/engineFasterOtto.go:100.33,102.24 2 1
github.com/n4djib/go-rbac/engine/fasterotto/engineFasterOtto.go:102.24,105.4 2 1
github.com/n4djib/go-rbac/engine/fasterotto/engineFasterOtto.go:108.2,109.35 2 1
github.com/n4djib/go-rbac/engine/fasterotto/engineFasterOtto.go:109.35,112.3 1 1
github.com/n4djib/go-rbac/engine/fasterotto/engineFasterOtto.go:114.2,114.25 1 1
github.com/n4djib/go-rbac/engine/simpleotto/engineOtto.go:20.28,25.2 1 1
github.com/n4djib/go-rbac/engine/simpleotto/engineOtto.go:27.60,30.16 3 1
github.com/n4djib/go-rbac/engine/simpleotto/engineOtto.go:30.16,32.3 1 1
github.com/n4djib/go-rbac/engine/simpleotto/engineOtto.go:33.2,33.12 1 1
github.com/n4djib/go-rbac/engine/simpleotto/engineOtto.go:36.56,38.2 1 1
github.com/n4djib/go-rbac/engine/simpleotto/engineOtto.go:40.113,41.16 1 1
github.com/n4djib/go-rbac/engine/simpleotto/engineOtto.go:41.16,43.3 1 1
github.com/n4djib/go-rbac/engine/simpleotto/engineOtto.go:46.2,50.16 3 1
github.com/n4djib/go-rbac/engine/simpleotto/engineOtto.go:50.16,52.3 1 1
github.com/n4djib/go-rbac/engine/simpleotto/engineOtto.go:54.2,55.16 2 1
github.com/n4djib/go-rbac/engine/simpleotto/engineOtto.go:55.16,57.3 1 0
github.com/n4djib/go-rbac/engine/simpleotto/engineOtto.go:60.2,61.16 2 1
github.com/n4djib/go-rbac/engine/simpleotto/engineOtto.go:61.16,63.3 1 0
github.com/n4djib/go-rbac/engine/simpleotto/engineOtto.go:65.2,65.20 1 1
