mode: set
github.com/n4djib/go-rbac/rbac/rbac.go:9.47,10.22 1 1
github.com/n4djib/go-rbac/rbac/rbac.go:10.22,12.3 1 1
github.com/n4djib/go-rbac/rbac/rbac.go:13.2,13.23 1 1
github.com/n4djib/go-rbac/rbac/rbac.go:13.23,15.3 1 1
github.com/n4djib/go-rbac/rbac/rbac.go:16.2,16.36 1 1
github.com/n4djib/go-rbac/rbac/rbac.go:19.48,20.26 1 1
github.com/n4djib/go-rbac/rbac/rbac.go:20.26,22.3 1 1
github.com/n4djib/go-rbac/rbac/rbac.go:23.2,23.32 1 1
github.com/n4djib/go-rbac/rbac/rbac.go:23.32,25.3 1 1
github.com/n4djib/go-rbac/rbac/rbac.go:26.2,26.36 1 1
github.com/n4djib/go-rbac/rbac/rbac.go:26.36,28.3 1 1
github.com/n4djib/go-rbac/rbac/rbac.go:30.2,31.16 2 1
github.com/n4djib/go-rbac/rbac/rbac.go:31.16,33.3 1 1
github.com/n4djib/go-rbac/rbac/rbac.go:35.2,36.16 2 1
github.com/n4djib/go-rbac/rbac/rbac.go:36.16,38.3 1 1
github.com/n4djib/go-rbac/rbac/rbac.go:40.2,41.16 2 1
github.com/n4djib/go-rbac/rbac/rbac.go:41.16,43.3 1 1
github.com/n4djib/go-rbac/rbac/rbac.go:45.2,46.16 2 1
github.com/n4djib/go-rbac/rbac/rbac.go:46.16,48.3 1 1
github.com/n4djib/go-rbac/rbac/rbac.go:50.2,51.16 2 1
github.com/n4djib/go-rbac/rbac/rbac.go:51.16,53.3 1 1
github.com/n4djib/go-rbac/rbac/rbac.go:55.2,55.12 1 1
github.com/n4djib/go-rbac/rbac/rbac.go:58.47,61.29 3 1
github.com/n4djib/go-rbac/rbac/rbac.go:61.29,63.63 1 1
github.com/n4djib/go-rbac/rbac/rbac.go:63.63,65.4 1 1
github.com/n4djib/go-rbac/rbac/rbac.go:66.3,66.22 1 1
github.com/n4djib/go-rbac/rbac/rbac.go:66.22,68.4 1 1
github.com/n4djib/go-rbac/rbac/rbac.go:69.3,73.43 2 1
github.com/n4djib/go-rbac/rbac/rbac.go:75.2,75.12 1 1
github.com/n4djib/go-rbac/rbac/rbac.go:78.65,81.41 3 1
github.com/n4djib/go-rbac/rbac/rbac.go:81.41,83.93 1 1
github.com/n4djib/go-rbac/rbac/rbac.go:83.93,85.4 1 1
github.com/n4djib/go-rbac/rbac/rbac.go:86.3,86.34 1 1
github.com/n4djib/go-rbac/rbac/rbac.go:86.34,88.4 1 1
github.com/n4djib/go-rbac/rbac/rbac.go:90.3,90.73 1 1
github.com/n4djib/go-rbac/rbac/rbac.go:90.73,92.4 1 1
github.com/n4djib/go-rbac/rbac/rbac.go:93.3,98.67 2 1
github.com/n4djib/go-rbac/rbac/rbac.go:101.2,101.12 1 1
github.com/n4djib/go-rbac/rbac/rbac.go:104.65,107.41 3 1
github.com/n4djib/go-rbac/rbac/rbac.go:107.41,109.130 1 1
github.com/n4djib/go-rbac/rbac/rbac.go:109.130,111.4 1 1
github.com/n4djib/go-rbac/rbac/rbac.go:112.3,113.17 2 1
github.com/n4djib/go-rbac/rbac/rbac.go:113.17,115.4 1 0
github.com/n4djib/go-rbac/rbac/rbac.go:116.3,117.17 2 1
github.com/n4djib/go-rbac/rbac/rbac.go:117.17,119.4 1 0
github.com/n4djib/go-rbac/rbac/rbac.go:120.3,124.83 2 1
github.com/n4djib/go-rbac/rbac/rbac.go:126.2,126.12 1 1
github.com/n4djib/go-rbac/rbac/rbac.go:129.83,132.53 3 1
github.com/n4djib/go-rbac/rbac/rbac.go:132.53,134.172 1 1
github.com/n4djib/go-rbac/rbac/rbac.go:134.172,136.4 1 1
github.com/n4djib/go-rbac/rbac/rbac.go:137.3,138.17 2 1
github.com/n4djib/go-rbac/rbac/rbac.go:138.17,140.4 1 0
github.com/n4djib/go-rbac/rbac/rbac.go:141.3,142.17 2 1
github.com/n4djib/go-rbac/rbac/rbac.go:142.17,144.4 1 1
github.com/n4djib/go-rbac/rbac/rbac.go:145.3,149.113 2 1
github.com/n4djib/go-rbac/rbac/rbac.go:151.2,151.12 1 1
github.com/n4djib/go-rbac/rbac/rbac.go:154.77,157.49 3 1
github.com/n4djib/go-rbac/rbac/rbac.go:157.49,159.158 1 1
github.com/n4djib/go-rbac/rbac/rbac.go:159.158,161.4 1 1
github.com/n4djib/go-rbac/rbac/rbac.go:162.3,163.17 2 1
github.com/n4djib/go-rbac/rbac/rbac.go:163.17,165.4 1 0
github.com/n4djib/go-rbac/rbac/rbac.go:166.3,167.17 2 1
github.com/n4djib/go-rbac/rbac/rbac.go:167.17,169.4 1 1
github.com/n4djib/go-rbac/rbac/rbac.go:170.3,174.103 2 1
github.com/n4djib/go-rbac/rbac/rbac.go:176.2,176.12 1 1
github.com/n4djib/go-rbac/rbac/rbac.go:179.58,180.37 1 1
github.com/n4djib/go-rbac/rbac/rbac.go:180.37,181.28 1 1
github.com/n4djib/go-rbac/rbac/rbac.go:181.28,183.4 1 1
github.com/n4djib/go-rbac/rbac/rbac.go:185.2,185.53 1 0
github.com/n4djib/go-rbac/rbac/rbac.go:188.70,189.43 1 1
github.com/n4djib/go-rbac/rbac/rbac.go:189.43,190.40 1 1
github.com/n4djib/go-rbac/rbac/rbac.go:190.40,192.4 1 1
github.com/n4djib/go-rbac/rbac/rbac.go:194.2,194.65 1 1
github.com/n4djib/go-rbac/rbac/rbac.go:197.47,198.37 1 1
github.com/n4djib/go-rbac/rbac/rbac.go:198.37,199.23 1 1
github.com/n4djib/go-rbac/rbac/rbac.go:199.23,201.4 1 1
github.com/n4djib/go-rbac/rbac/rbac.go:203.2,203.23 1 0
github.com/n4djib/go-rbac/rbac/rbac.go:206.59,207.43 1 1
github.com/n4djib/go-rbac/rbac/rbac.go:207.43,208.23 1 1
github.com/n4djib/go-rbac/rbac/rbac.go:208.23,210.4 1 1
github.com/n4djib/go-rbac/rbac/rbac.go:212.2,212.29 1 0
github.com/n4djib/go-rbac/rbac/rbac.go:215.56,217.43 2 1
github.com/n4djib/go-rbac/rbac/rbac.go:217.43,218.27 1 1
github.com/n4djib/go-rbac/rbac/rbac.go:218.27,221.4 2 1
github.com/n4djib/go-rbac/rbac/rbac.go:223.2,223.16 1 1
github.com/n4djib/go-rbac/rbac/rbac.go:226.68,228.49 2 1
github.com/n4djib/go-rbac/rbac/rbac.go:228.49,229.33 1 1
github.com/n4djib/go-rbac/rbac/rbac.go:229.33,233.22 3 1
github.com/n4djib/go-rbac/rbac/rbac.go:233.22,235.5 1 1
github.com/n4djib/go-rbac/rbac/rbac.go:238.2,238.49 1 1
github.com/n4djib/go-rbac/rbac/rbac.go:238.49,239.33 1 1
github.com/n4djib/go-rbac/rbac/rbac.go:239.33,243.21 3 1
github.com/n4djib/go-rbac/rbac/rbac.go:243.21,245.5 1 1
github.com/n4djib/go-rbac/rbac/rbac.go:248.2,248.16 1 1
github.com/n4djib/go-rbac/rbac/rbac.go:251.60,253.47 2 1
github.com/n4djib/go-rbac/rbac/rbac.go:253.47,254.33 1 1
github.com/n4djib/go-rbac/rbac/rbac.go:254.33,257.4 2 1
github.com/n4djib/go-rbac/rbac/rbac.go:259.2,259.14 1 1
github.com/n4djib/go-rbac/rbac/rbac.go:262.67,266.33 3 1
github.com/n4djib/go-rbac/rbac/rbac.go:266.33,267.30 1 1
github.com/n4djib/go-rbac/rbac/rbac.go:267.30,269.4 1 1
github.com/n4djib/go-rbac/rbac/rbac.go:270.3,272.34 3 1
github.com/n4djib/go-rbac/rbac/rbac.go:272.34,274.4 1 1
github.com/n4djib/go-rbac/rbac/rbac.go:276.2,276.30 1 1
github.com/n4djib/go-rbac/rbac/rbac.go:276.30,279.3 2 1
github.com/n4djib/go-rbac/rbac/rbac.go:280.2,280.14 1 1
github.com/n4djib/go-rbac/rbac/rbac.go:283.132,289.53 5 1
github.com/n4djib/go-rbac/rbac/rbac.go:289.53,290.14 1 1
github.com/n4djib/go-rbac/rbac/rbac.go:290.14,292.4 1 0
github.com/n4djib/go-rbac/rbac/rbac.go:293.3,293.47 1 1
github.com/n4djib/go-rbac/rbac/rbac.go:293.47,295.4 1 0
github.com/n4djib/go-rbac/rbac/rbac.go:297.3,300.20 4 1
github.com/n4djib/go-rbac/rbac/rbac.go:300.20,303.4 1 1
github.com/n4djib/go-rbac/rbac/rbac.go:304.3,304.17 1 1
github.com/n4djib/go-rbac/rbac/rbac.go:304.17,306.4 1 0
github.com/n4djib/go-rbac/rbac/rbac.go:307.3,307.14 1 1
github.com/n4djib/go-rbac/rbac/rbac.go:307.14,309.4 1 1
github.com/n4djib/go-rbac/rbac/rbac.go:310.3,315.30 3 1
github.com/n4djib/go-rbac/rbac/rbac.go:315.30,317.4 1 1
github.com/n4djib/go-rbac/rbac/rbac.go:319.3,321.14 3 1
github.com/n4djib/go-rbac/rbac/rbac.go:321.14,324.4 2 1
github.com/n4djib/go-rbac/rbac/rbac.go:326.3,327.34 2 1
github.com/n4djib/go-rbac/rbac/rbac.go:327.34,328.15 1 1
github.com/n4djib/go-rbac/rbac/rbac.go:328.15,330.5 1 0
github.com/n4djib/go-rbac/rbac/rbac.go:332.4,333.23 2 1
github.com/n4djib/go-rbac/rbac/rbac.go:333.23,335.5 1 0
github.com/n4djib/go-rbac/rbac/rbac.go:337.3,337.22 1 1
github.com/n4djib/go-rbac/rbac/rbac.go:340.2,341.33 2 1
github.com/n4djib/go-rbac/rbac/rbac.go:344.101,346.16 2 1
github.com/n4djib/go-rbac/rbac/rbac.go:346.16,348.3 1 1
github.com/n4djib/go-rbac/rbac/rbac.go:351.2,352.43 2 1
github.com/n4djib/go-rbac/rbac/rbac.go:352.43,353.40 1 1
github.com/n4djib/go-rbac/rbac/rbac.go:353.40,355.9 2 1
github.com/n4djib/go-rbac/rbac/rbac.go:359.2,359.32 1 1
github.com/n4djib/go-rbac/rbac/rbac.go:359.32,361.3 1 1
github.com/n4djib/go-rbac/rbac/rbac.go:363.2,363.26 1 1
github.com/n4djib/go-rbac/rbac/rbac.go:363.26,365.3 1 0
github.com/n4djib/go-rbac/rbac/rbac.go:366.2,366.32 1 1
github.com/n4djib/go-rbac/rbac/rbac.go:366.32,368.3 1 0
github.com/n4djib/go-rbac/rbac/rbac.go:369.2,369.36 1 1
github.com/n4djib/go-rbac/rbac/rbac.go:369.36,371.3 1 0
github.com/n4djib/go-rbac/rbac/rbac.go:374.2,375.9 2 1
github.com/n4djib/go-rbac/rbac/rbac.go:375.9,377.3 1 0
github.com/n4djib/go-rbac/rbac/rbac.go:378.2,378.30 1 1
github.com/n4djib/go-rbac/rbac/rbac.go:378.30,380.3 1 0
github.com/n4djib/go-rbac/rbac/rbac.go:382.2,383.16 2 1
github.com/n4djib/go-rbac/rbac/rbac.go:383.16,385.3 1 0
github.com/n4djib/go-rbac/rbac/rbac.go:387.2,389.14 2 1
github.com/n4djib/go-rbac/rbac/rbac.go:389.14,393.3 2 1
github.com/n4djib/go-rbac/rbac/rbac.go:397.2,397.21 1 1
github.com/n4djib/go-rbac/rbac/types.go:82.37,85.33 2 1
github.com/n4djib/go-rbac/rbac/types.go:85.33,86.37 1 1
github.com/n4djib/go-rbac/rbac/types.go:86.37,88.4 1 1
github.com/n4djib/go-rbac/rbac/types.go:91.2,91.41 1 1
github.com/n4djib/go-rbac/rbac/types.go:91.41,93.3 1 1
github.com/n4djib/go-rbac/rbac/types.go:94.2,94.12 1 1
github.com/n4djib/go-rbac/rbac/utils.go:3.62,4.32 1 1
github.com/n4djib/go-rbac/rbac/utils.go:4.32,5.28 1 1
github.com/n4djib/go-rbac/rbac/utils.go:5.28,7.4 1 1
github.com/n4djib/go-rbac/rbac/utils.go:9.2,9.14 1 1
github.com/n4djib/go-rbac/rbac/utils.go:12.80,13.47 1 1
github.com/n4djib/go-rbac/rbac/utils.go:13.47,14.30 1 1
github.com/n4djib/go-rbac/rbac/utils.go:14.30,15.35 1 1
github.com/n4djib/go-rbac/rbac/utils.go:15.35,17.5 1 1
github.com/n4djib/go-rbac/rbac/utils.go:20.2,20.14 1 1
