mode: set
github.com/n4djib/go-rbac/rbac/helpers.go:3.62,4.32 1 1
github.com/n4djib/go-rbac/rbac/helpers.go:4.32,5.28 1 1
github.com/n4djib/go-rbac/rbac/helpers.go:5.28,7.4 1 1
github.com/n4djib/go-rbac/rbac/helpers.go:9.2,9.14 1 1
github.com/n4djib/go-rbac/rbac/helpers.go:12.80,13.47 1 1
github.com/n4djib/go-rbac/rbac/helpers.go:13.47,14.33 1 1
github.com/n4djib/go-rbac/rbac/helpers.go:14.33,15.37 1 1
github.com/n4djib/go-rbac/rbac/helpers.go:15.37,17.5 1 1
github.com/n4djib/go-rbac/rbac/helpers.go:20.2,20.14 1 1
github.com/n4djib/go-rbac/rbac/rbac.go:9.17,11.2 1 1
github.com/n4djib/go-rbac/rbac/rbac.go:13.48,15.2 1 1
github.com/n4djib/go-rbac/rbac/rbac.go:18.48,19.26 1 1
github.com/n4djib/go-rbac/rbac/rbac.go:19.26,21.3 1 1
github.com/n4djib/go-rbac/rbac/rbac.go:22.2,22.32 1 1
github.com/n4djib/go-rbac/rbac/rbac.go:22.32,24.3 1 1
github.com/n4djib/go-rbac/rbac/rbac.go:25.2,25.36 1 1
github.com/n4djib/go-rbac/rbac/rbac.go:25.36,27.3 1 1
github.com/n4djib/go-rbac/rbac/rbac.go:29.2,30.16 2 1
github.com/n4djib/go-rbac/rbac/rbac.go:30.16,32.3 1 1
github.com/n4djib/go-rbac/rbac/rbac.go:34.2,35.16 2 1
github.com/n4djib/go-rbac/rbac/rbac.go:35.16,37.3 1 1
github.com/n4djib/go-rbac/rbac/rbac.go:39.2,40.16 2 1
github.com/n4djib/go-rbac/rbac/rbac.go:40.16,42.3 1 1
github.com/n4djib/go-rbac/rbac/rbac.go:44.2,45.16 2 1
github.com/n4djib/go-rbac/rbac/rbac.go:45.16,47.3 1 1
github.com/n4djib/go-rbac/rbac/rbac.go:49.2,50.16 2 1
github.com/n4djib/go-rbac/rbac/rbac.go:50.16,52.3 1 1
github.com/n4djib/go-rbac/rbac/rbac.go:55.2,57.12 2 1
github.com/n4djib/go-rbac/rbac/rbac.go:60.48,63.32 3 1
github.com/n4djib/go-rbac/rbac/rbac.go:63.32,65.69 1 1
github.com/n4djib/go-rbac/rbac/rbac.go:65.69,67.4 1 1
github.com/n4djib/go-rbac/rbac/rbac.go:68.3,68.25 1 1
github.com/n4djib/go-rbac/rbac/rbac.go:68.25,70.4 1 1
github.com/n4djib/go-rbac/rbac/rbac.go:71.3,75.46 2 1
github.com/n4djib/go-rbac/rbac/rbac.go:77.2,77.12 1 1
github.com/n4djib/go-rbac/rbac/rbac.go:80.66,83.38 3 1
github.com/n4djib/go-rbac/rbac/rbac.go:83.38,85.87 1 1
github.com/n4djib/go-rbac/rbac/rbac.go:85.87,87.4 1 1
github.com/n4djib/go-rbac/rbac/rbac.go:88.3,88.31 1 1
github.com/n4djib/go-rbac/rbac/rbac.go:88.31,90.4 1 1
github.com/n4djib/go-rbac/rbac/rbac.go:92.3,92.70 1 1
github.com/n4djib/go-rbac/rbac/rbac.go:92.70,94.4 1 1
github.com/n4djib/go-rbac/rbac/rbac.go:95.3,100.64 2 1
github.com/n4djib/go-rbac/rbac/rbac.go:103.2,103.12 1 1
github.com/n4djib/go-rbac/rbac/rbac.go:106.66,109.41 3 1
github.com/n4djib/go-rbac/rbac/rbac.go:109.41,111.130 1 1
github.com/n4djib/go-rbac/rbac/rbac.go:111.130,113.4 1 1
github.com/n4djib/go-rbac/rbac/rbac.go:114.3,115.18 2 1
github.com/n4djib/go-rbac/rbac/rbac.go:115.18,117.4 1 0
github.com/n4djib/go-rbac/rbac/rbac.go:118.3,119.20 2 1
github.com/n4djib/go-rbac/rbac/rbac.go:119.20,121.4 1 0
github.com/n4djib/go-rbac/rbac/rbac.go:122.3,126.83 2 1
github.com/n4djib/go-rbac/rbac/rbac.go:128.2,128.12 1 1
github.com/n4djib/go-rbac/rbac/rbac.go:131.84,134.53 3 1
github.com/n4djib/go-rbac/rbac/rbac.go:134.53,136.172 1 1
github.com/n4djib/go-rbac/rbac/rbac.go:136.172,138.4 1 1
github.com/n4djib/go-rbac/rbac/rbac.go:139.3,140.24 2 1
github.com/n4djib/go-rbac/rbac/rbac.go:140.24,142.4 1 0
github.com/n4djib/go-rbac/rbac/rbac.go:143.3,144.20 2 1
github.com/n4djib/go-rbac/rbac/rbac.go:144.20,146.4 1 1
github.com/n4djib/go-rbac/rbac/rbac.go:147.3,151.113 2 1
github.com/n4djib/go-rbac/rbac/rbac.go:153.2,153.12 1 1
github.com/n4djib/go-rbac/rbac/rbac.go:156.78,159.49 3 1
github.com/n4djib/go-rbac/rbac/rbac.go:159.49,161.158 1 1
github.com/n4djib/go-rbac/rbac/rbac.go:161.158,163.4 1 1
github.com/n4djib/go-rbac/rbac/rbac.go:164.3,165.18 2 1
github.com/n4djib/go-rbac/rbac/rbac.go:165.18,167.4 1 0
github.com/n4djib/go-rbac/rbac/rbac.go:168.3,169.24 2 1
github.com/n4djib/go-rbac/rbac/rbac.go:169.24,171.4 1 1
github.com/n4djib/go-rbac/rbac/rbac.go:172.3,176.103 2 1
github.com/n4djib/go-rbac/rbac/rbac.go:178.2,178.12 1 1
github.com/n4djib/go-rbac/rbac/rbac.go:181.63,182.37 1 1
github.com/n4djib/go-rbac/rbac/rbac.go:182.37,183.31 1 1
github.com/n4djib/go-rbac/rbac/rbac.go:183.31,185.4 1 1
github.com/n4djib/go-rbac/rbac/rbac.go:187.2,187.12 1 0
github.com/n4djib/go-rbac/rbac/rbac.go:190.81,191.43 1 1
github.com/n4djib/go-rbac/rbac/rbac.go:191.43,192.43 1 1
github.com/n4djib/go-rbac/rbac/rbac.go:192.43,194.4 1 1
github.com/n4djib/go-rbac/rbac/rbac.go:196.2,196.12 1 1
github.com/n4djib/go-rbac/rbac/rbac.go:199.48,200.37 1 1
github.com/n4djib/go-rbac/rbac/rbac.go:200.37,201.23 1 1
github.com/n4djib/go-rbac/rbac/rbac.go:201.23,203.4 1 1
github.com/n4djib/go-rbac/rbac/rbac.go:205.2,205.12 1 0
github.com/n4djib/go-rbac/rbac/rbac.go:208.60,209.43 1 1
github.com/n4djib/go-rbac/rbac/rbac.go:209.43,210.23 1 1
github.com/n4djib/go-rbac/rbac/rbac.go:210.23,212.4 1 1
github.com/n4djib/go-rbac/rbac/rbac.go:214.2,214.12 1 0
github.com/n4djib/go-rbac/rbac/rbac.go:217.56,219.43 2 1
github.com/n4djib/go-rbac/rbac/rbac.go:219.43,220.27 1 1
github.com/n4djib/go-rbac/rbac/rbac.go:220.27,222.21 2 1
github.com/n4djib/go-rbac/rbac/rbac.go:222.21,224.5 1 1
github.com/n4djib/go-rbac/rbac/rbac.go:227.2,227.16 1 1
github.com/n4djib/go-rbac/rbac/rbac.go:230.68,232.49 2 1
github.com/n4djib/go-rbac/rbac/rbac.go:232.49,233.33 1 1
github.com/n4djib/go-rbac/rbac/rbac.go:233.33,235.21 2 1
github.com/n4djib/go-rbac/rbac/rbac.go:235.21,238.23 2 1
github.com/n4djib/go-rbac/rbac/rbac.go:238.23,240.6 1 1
github.com/n4djib/go-rbac/rbac/rbac.go:244.2,244.49 1 1
github.com/n4djib/go-rbac/rbac/rbac.go:244.49,245.33 1 1
github.com/n4djib/go-rbac/rbac/rbac.go:245.33,247.21 2 1
github.com/n4djib/go-rbac/rbac/rbac.go:247.21,250.22 2 1
github.com/n4djib/go-rbac/rbac/rbac.go:250.22,252.6 1 1
github.com/n4djib/go-rbac/rbac/rbac.go:256.2,256.16 1 1
github.com/n4djib/go-rbac/rbac/rbac.go:259.60,261.47 2 1
github.com/n4djib/go-rbac/rbac/rbac.go:261.47,262.33 1 1
github.com/n4djib/go-rbac/rbac/rbac.go:262.33,264.19 2 1
github.com/n4djib/go-rbac/rbac/rbac.go:264.19,266.5 1 1
github.com/n4djib/go-rbac/rbac/rbac.go:269.2,269.14 1 1
github.com/n4djib/go-rbac/rbac/rbac.go:272.67,276.33 3 1
github.com/n4djib/go-rbac/rbac/rbac.go:276.33,277.30 1 1
github.com/n4djib/go-rbac/rbac/rbac.go:277.30,279.4 1 1
github.com/n4djib/go-rbac/rbac/rbac.go:280.3,282.34 3 1
github.com/n4djib/go-rbac/rbac/rbac.go:282.34,284.4 1 1
github.com/n4djib/go-rbac/rbac/rbac.go:286.2,286.30 1 1
github.com/n4djib/go-rbac/rbac/rbac.go:286.30,289.3 2 1
github.com/n4djib/go-rbac/rbac/rbac.go:290.2,290.14 1 1
github.com/n4djib/go-rbac/rbac/rbac.go:293.132,299.53 5 1
github.com/n4djib/go-rbac/rbac/rbac.go:299.53,300.14 1 1
github.com/n4djib/go-rbac/rbac/rbac.go:300.14,302.4 1 0
github.com/n4djib/go-rbac/rbac/rbac.go:303.3,303.47 1 1
github.com/n4djib/go-rbac/rbac/rbac.go:303.47,305.4 1 0
github.com/n4djib/go-rbac/rbac/rbac.go:307.3,312.46 4 1
github.com/n4djib/go-rbac/rbac/rbac.go:312.46,315.4 1 1
github.com/n4djib/go-rbac/rbac/rbac.go:316.3,316.17 1 1
github.com/n4djib/go-rbac/rbac/rbac.go:316.17,318.4 1 0
github.com/n4djib/go-rbac/rbac/rbac.go:319.3,319.14 1 1
github.com/n4djib/go-rbac/rbac/rbac.go:319.14,321.4 1 1
github.com/n4djib/go-rbac/rbac/rbac.go:322.3,327.30 3 1
github.com/n4djib/go-rbac/rbac/rbac.go:327.30,329.4 1 1
github.com/n4djib/go-rbac/rbac/rbac.go:331.3,333.14 3 1
github.com/n4djib/go-rbac/rbac/rbac.go:333.14,336.4 2 1
github.com/n4djib/go-rbac/rbac/rbac.go:338.3,339.34 2 1
github.com/n4djib/go-rbac/rbac/rbac.go:339.34,340.15 1 1
github.com/n4djib/go-rbac/rbac/rbac.go:340.15,342.5 1 0
github.com/n4djib/go-rbac/rbac/rbac.go:344.4,345.23 2 1
github.com/n4djib/go-rbac/rbac/rbac.go:345.23,347.5 1 0
github.com/n4djib/go-rbac/rbac/rbac.go:349.3,349.22 1 1
github.com/n4djib/go-rbac/rbac/rbac.go:352.2,353.33 2 1
github.com/n4djib/go-rbac/rbac/rbac.go:358.101,360.22 1 1
github.com/n4djib/go-rbac/rbac/rbac.go:360.22,362.3 1 1
github.com/n4djib/go-rbac/rbac/rbac.go:365.2,366.16 2 1
github.com/n4djib/go-rbac/rbac/rbac.go:366.16,368.3 1 1
github.com/n4djib/go-rbac/rbac/rbac.go:371.2,372.43 2 1
github.com/n4djib/go-rbac/rbac/rbac.go:372.43,373.39 1 1
github.com/n4djib/go-rbac/rbac/rbac.go:373.39,375.9 2 1
github.com/n4djib/go-rbac/rbac/rbac.go:379.2,379.32 1 1
github.com/n4djib/go-rbac/rbac/rbac.go:379.32,381.3 1 1
github.com/n4djib/go-rbac/rbac/rbac.go:389.2,390.30 2 1
github.com/n4djib/go-rbac/rbac/rbac.go:390.30,392.3 1 0
github.com/n4djib/go-rbac/rbac/rbac.go:394.2,395.16 2 1
github.com/n4djib/go-rbac/rbac/rbac.go:395.16,397.3 1 0
github.com/n4djib/go-rbac/rbac/rbac.go:399.2,401.14 2 1
github.com/n4djib/go-rbac/rbac/rbac.go:401.14,405.3 2 1
github.com/n4djib/go-rbac/rbac/rbac.go:409.2,409.21 1 1
github.com/n4djib/go-rbac/rbac/types.go:86.37,90.33 2 1
github.com/n4djib/go-rbac/rbac/types.go:90.33,91.37 1 1
github.com/n4djib/go-rbac/rbac/types.go:91.37,93.4 1 1
github.com/n4djib/go-rbac/rbac/types.go:96.2,96.41 1 1
github.com/n4djib/go-rbac/rbac/types.go:96.41,98.3 1 1
github.com/n4djib/go-rbac/rbac/types.go:99.2,99.12 1 1
